🧠 Orchestrator Service 启动在 http://0.0.0.0:8002
   职责：策略注册、调度决策、仓位管理、资金分配
Traceback (most recent call last):
  File "/Users/frankzhang/repo-private/MT4-Factory/src/services/orchestrator/main.py", line 22, in <module>
    uvicorn.run(
    ~~~~~~~~~~~^
        "src.services.orchestrator.api.app:app",
        ^^^^^^^^^^^^^^^^^^^^^^^^^^^^^^^^^^^^^^^^
    ...<2 lines>...
        reload=False
        ^^^^^^^^^^^^
    )
    ^
  File "/Users/frankzhang/repo-private/MT4-Factory/venv/lib/python3.13/site-packages/uvicorn/main.py", line 606, in run
    server.run()
    ~~~~~~~~~~^^
  File "/Users/frankzhang/repo-private/MT4-Factory/venv/lib/python3.13/site-packages/uvicorn/server.py", line 75, in run
    return asyncio_run(self.serve(sockets=sockets), loop_factory=self.config.get_loop_factory())
  File "/opt/homebrew/Cellar/python@3.13/3.13.7/Frameworks/Python.framework/Versions/3.13/lib/python3.13/asyncio/runners.py", line 195, in run
    return runner.run(main)
           ~~~~~~~~~~^^^^^^
  File "/opt/homebrew/Cellar/python@3.13/3.13.7/Frameworks/Python.framework/Versions/3.13/lib/python3.13/asyncio/runners.py", line 118, in run
    return self._loop.run_until_complete(task)
           ~~~~~~~~~~~~~~~~~~~~~~~~~~~~~^^^^^^
  File "/opt/homebrew/Cellar/python@3.13/3.13.7/Frameworks/Python.framework/Versions/3.13/lib/python3.13/asyncio/base_events.py", line 725, in run_until_complete
    return future.result()
           ~~~~~~~~~~~~~^^
  File "/Users/frankzhang/repo-private/MT4-Factory/venv/lib/python3.13/site-packages/uvicorn/server.py", line 79, in serve
    await self._serve(sockets)
  File "/Users/frankzhang/repo-private/MT4-Factory/venv/lib/python3.13/site-packages/uvicorn/server.py", line 86, in _serve
    config.load()
    ~~~~~~~~~~~^^
  File "/Users/frankzhang/repo-private/MT4-Factory/venv/lib/python3.13/site-packages/uvicorn/config.py", line 441, in load
    self.loaded_app = import_from_string(self.app)
                      ~~~~~~~~~~~~~~~~~~^^^^^^^^^^
  File "/Users/frankzhang/repo-private/MT4-Factory/venv/lib/python3.13/site-packages/uvicorn/importer.py", line 22, in import_from_string
    raise exc from None
  File "/Users/frankzhang/repo-private/MT4-Factory/venv/lib/python3.13/site-packages/uvicorn/importer.py", line 19, in import_from_string
    module = importlib.import_module(module_str)
  File "/opt/homebrew/Cellar/python@3.13/3.13.7/Frameworks/Python.framework/Versions/3.13/lib/python3.13/importlib/__init__.py", line 88, in import_module
    return _bootstrap._gcd_import(name[level:], package, level)
           ~~~~~~~~~~~~~~~~~~~~~~^^^^^^^^^^^^^^^^^^^^^^^^^^^^^^
  File "<frozen importlib._bootstrap>", line 1387, in _gcd_import
  File "<frozen importlib._bootstrap>", line 1360, in _find_and_load
  File "<frozen importlib._bootstrap>", line 1331, in _find_and_load_unlocked
  File "<frozen importlib._bootstrap>", line 935, in _load_unlocked
  File "<frozen importlib._bootstrap_external>", line 1026, in exec_module
  File "<frozen importlib._bootstrap>", line 488, in _call_with_frames_removed
  File "/Users/frankzhang/repo-private/MT4-Factory/src/services/orchestrator/api/app.py", line 5, in <module>
    from .routes import signal, registration, account, portfolio, risk, evaluation
  File "/Users/frankzhang/repo-private/MT4-Factory/src/services/orchestrator/api/routes/registration.py", line 10, in <module>
    from src.services.orchestrator.service.strategy_registration import StrategyRegistration
  File "/Users/frankzhang/repo-private/MT4-Factory/src/services/orchestrator/service/strategy_registration.py", line 17, in <module>
    from src.services.orchestrator.repository.strategy_repo import StrategyRepository
  File "/Users/frankzhang/repo-private/MT4-Factory/src/services/orchestrator/repository/strategy_repo.py", line 6, in <module>
    from src.common.database.session import get_session
ModuleNotFoundError: No module named 'src.common.database.session'
