==========================================
  启动MT4-Factory服务 (Mac环境)
==========================================

项目目录: /Users/frankzhang/repo-private/MT4-Factory
配置环境: mac

✓ Python版本: Python 3.13.7

==========================================
  启动服务...
==========================================

[1/5] 启动Dashboard服务 (端口8001)...
  PID: 4434
[2/5] 启动Strategy服务 (端口8000)...
  PID: 4442
[3/5] 启动Orchestrator服务 (端口8002)...
  PID: 4448
[4/5] 启动Execution服务 (端口8003)...
  PID: 4455
[5/5] 启动Validator服务 (端口8004)...
  PID: 4461

==========================================
  所有服务已启动！
==========================================

服务列表:
  - Dashboard:     http://localhost:8001  (PID: 4434)
  - Strategy:      http://localhost:8000  (PID: 4442)
  - Orchestrator:  http://localhost:8002  (PID: 4448)
  - Execution:     http://localhost:8003  (PID: 4455)
  - Validator:     http://localhost:8004  (PID: 4461)

日志文件:
  - logs/dashboard.log
  - logs/strategy.log
  - logs/orchestrator.log
  - logs/execution.log
  - logs/validator.log

停止服务:
  ./scripts/mac/stop_all_services.sh

查看日志:
  tail -f logs/dashboard.log

==========================================
  使用Mock数据模式
  所有MT5连接均为模拟数据
==========================================

按Ctrl+C停止所有服务...

